------------------------------------------------------------
Client connecting to 192.168.12.4, UDP port 5001
Sending 56 byte datagrams, IPG target: 89.60 us (kalman adjust)
UDP buffer size:  160 KByte (default)
------------------------------------------------------------
[  3] local 192.168.12.3 port 41172 connected with 192.168.12.4 port 5001
[ ID] Interval       Transfer     Bandwidth
[  3]  0.0- 1.0 sec  25.8 KBytes   211 Kbits/sec
[  3]  1.0- 2.0 sec  4.10 KBytes  33.6 Kbits/sec
[  3]  2.0- 3.0 sec  9.90 KBytes  81.1 Kbits/sec
[  3]  3.0- 4.0 sec  8.86 KBytes  72.6 Kbits/sec
[  3]  4.0- 5.0 sec  6.51 KBytes  53.3 Kbits/sec
[  3]  5.0- 6.0 sec  8.53 KBytes  69.9 Kbits/sec
[  3]  6.0- 7.0 sec  13.1 KBytes   107 Kbits/sec
[  3]  7.0- 8.0 sec  13.3 KBytes   109 Kbits/sec
[  3]  8.0- 9.0 sec  8.53 KBytes  69.9 Kbits/sec
[  3]  9.0-10.0 sec  10.7 KBytes  87.4 Kbits/sec
[  3] 10.0-11.0 sec  8.97 KBytes  73.5 Kbits/sec
[  3] 11.0-12.0 sec  17.3 KBytes   142 Kbits/sec
[  3] 12.0-13.0 sec  3.55 KBytes  29.1 Kbits/sec
[  3] 13.0-14.0 sec  5.80 KBytes  47.5 Kbits/sec
[  3] 14.0-15.0 sec  9.30 KBytes  76.2 Kbits/sec
[  3] 15.0-16.0 sec  10.1 KBytes  82.4 Kbits/sec
[  3] 16.0-17.0 sec  9.90 KBytes  81.1 Kbits/sec
[  3] 17.0-18.0 sec  4.92 KBytes  40.3 Kbits/sec
[  3] 18.0-19.0 sec  6.73 KBytes  55.1 Kbits/sec
[  3] 19.0-20.0 sec  6.02 KBytes  49.3 Kbits/sec
[  3] 20.0-21.0 sec  10.7 KBytes  87.8 Kbits/sec
[  3] 21.0-22.0 sec  4.76 KBytes  39.0 Kbits/sec
[  3] 22.0-23.0 sec  8.75 KBytes  71.7 Kbits/sec
[  3] 23.0-24.0 sec  7.27 KBytes  59.6 Kbits/sec
[  3] 24.0-25.0 sec  6.23 KBytes  51.1 Kbits/sec
[  3] 25.0-26.0 sec  8.31 KBytes  68.1 Kbits/sec
[  3] 26.0-27.0 sec  17.6 KBytes   144 Kbits/sec
[  3] 27.0-28.0 sec  6.23 KBytes  51.1 Kbits/sec
[  3] 28.0-29.0 sec  8.53 KBytes  69.9 Kbits/sec
[  3] 29.0-30.0 sec  10.5 KBytes  86.0 Kbits/sec
[  3] 30.0-31.0 sec  6.56 KBytes  53.8 Kbits/sec
[  3] 31.0-32.0 sec  8.75 KBytes  71.7 Kbits/sec
[  3] 32.0-33.0 sec  7.88 KBytes  64.5 Kbits/sec
[  3] 33.0-34.0 sec  10.0 KBytes  82.0 Kbits/sec
[  3] 34.0-35.0 sec  9.19 KBytes  75.3 Kbits/sec
[  3] 35.0-36.0 sec  4.87 KBytes  39.9 Kbits/sec
[  3] 36.0-37.0 sec  8.80 KBytes  72.1 Kbits/sec
[  3] 37.0-38.0 sec  8.15 KBytes  66.8 Kbits/sec
[  3] 38.0-39.0 sec  5.20 KBytes  42.6 Kbits/sec
[  3] 39.0-40.0 sec  4.05 KBytes  33.2 Kbits/sec
[  3] 40.0-41.0 sec  6.56 KBytes  53.8 Kbits/sec
[  3] 41.0-42.0 sec  10.3 KBytes  84.7 Kbits/sec
[  3] 42.0-43.0 sec  7.11 KBytes  58.2 Kbits/sec
[  3] 43.0-44.0 sec  5.30 KBytes  43.5 Kbits/sec
[  3] 44.0-45.0 sec  6.62 KBytes  54.2 Kbits/sec
[  3] 45.0-46.0 sec  10.2 KBytes  83.8 Kbits/sec
[  3] 46.0-47.0 sec  9.08 KBytes  74.4 Kbits/sec
[  3] 47.0-48.0 sec  10.1 KBytes  82.4 Kbits/sec
[  3] 48.0-49.0 sec  15.3 KBytes   125 Kbits/sec
[  3] 49.0-50.0 sec  28.2 KBytes   231 Kbits/sec
[  3] 50.0-51.0 sec  13.8 KBytes   113 Kbits/sec
[  3] 51.0-52.0 sec  8.26 KBytes  67.6 Kbits/sec
[  3] 52.0-53.0 sec  11.9 KBytes  97.2 Kbits/sec
[  3] 53.0-54.0 sec  11.7 KBytes  95.9 Kbits/sec
[  3] 54.0-55.0 sec  11.9 KBytes  97.7 Kbits/sec
[  3] 55.0-56.0 sec  12.5 KBytes   102 Kbits/sec
[  3] 56.0-57.0 sec  7.77 KBytes  63.6 Kbits/sec
[  3] 57.0-58.0 sec  7.88 KBytes  64.5 Kbits/sec
[  3] 58.0-59.0 sec  6.12 KBytes  50.2 Kbits/sec
[  3] 59.0-60.0 sec  12.0 KBytes  98.6 Kbits/sec
[  3]  0.0-60.2 sec   567 KBytes  77.1 Kbits/sec
[  3] Sent 10362 datagrams
