------------------------------------------------------------
Client connecting to 192.168.12.4, UDP port 5001
Sending 56 byte datagrams, IPG target: 149.33 us (kalman adjust)
UDP buffer size:  160 KByte (default)
------------------------------------------------------------
[  3] local 192.168.12.3 port 53835 connected with 192.168.12.4 port 5001
[ ID] Interval       Transfer     Bandwidth
[  3]  0.0- 1.0 sec  16.0 KBytes   131 Kbits/sec
[  3]  1.0- 2.0 sec  7.60 KBytes  62.3 Kbits/sec
[  3]  2.0- 3.0 sec  6.23 KBytes  51.1 Kbits/sec
[  3]  3.0- 4.0 sec  12.6 KBytes   103 Kbits/sec
[  3]  4.0- 5.0 sec  19.8 KBytes   162 Kbits/sec
[  3]  5.0- 6.0 sec  19.6 KBytes   160 Kbits/sec
[  3]  6.0- 7.0 sec  6.29 KBytes  51.5 Kbits/sec
[  3]  7.0- 8.0 sec  11.9 KBytes  97.2 Kbits/sec
[  3]  8.0- 9.0 sec  12.6 KBytes   103 Kbits/sec
[  3]  9.0-10.0 sec  11.6 KBytes  95.4 Kbits/sec
[  3] 10.0-11.0 sec  17.0 KBytes   139 Kbits/sec
[  3] 11.0-12.0 sec  7.71 KBytes  63.2 Kbits/sec
[  3] 12.0-13.0 sec  8.37 KBytes  68.5 Kbits/sec
[  3] 13.0-14.0 sec  10.6 KBytes  86.9 Kbits/sec
[  3] 14.0-15.0 sec  9.73 KBytes  79.7 Kbits/sec
[  3] 15.0-16.0 sec  7.33 KBytes  60.0 Kbits/sec
[  3] 16.0-17.0 sec  7.82 KBytes  64.1 Kbits/sec
[  3] 17.0-18.0 sec  8.15 KBytes  66.8 Kbits/sec
[  3] 18.0-19.0 sec  5.58 KBytes  45.7 Kbits/sec
[  3] 19.0-20.0 sec  4.81 KBytes  39.4 Kbits/sec
[  3] 20.0-21.0 sec  6.34 KBytes  52.0 Kbits/sec
[  3] 21.0-22.0 sec  8.53 KBytes  69.9 Kbits/sec
[  3] 22.0-23.0 sec  8.80 KBytes  72.1 Kbits/sec
[  3] 23.0-24.0 sec  13.1 KBytes   108 Kbits/sec
[  3] 24.0-25.0 sec  19.1 KBytes   157 Kbits/sec
[  3] 25.0-26.0 sec  7.44 KBytes  60.9 Kbits/sec
[  3] 26.0-27.0 sec  4.59 KBytes  37.6 Kbits/sec
[  3] 27.0-28.0 sec  17.0 KBytes   139 Kbits/sec
[  3] 28.0-29.0 sec  8.64 KBytes  70.8 Kbits/sec
[  3] 29.0-30.0 sec  11.6 KBytes  95.4 Kbits/sec
[  3] 30.0-31.0 sec  9.90 KBytes  81.1 Kbits/sec
[  3] 31.0-32.0 sec  4.81 KBytes  39.4 Kbits/sec
[  3] 32.0-33.0 sec  9.57 KBytes  78.4 Kbits/sec
[  3] 33.0-34.0 sec  11.0 KBytes  90.0 Kbits/sec
[  3] 34.0-35.0 sec  7.66 KBytes  62.7 Kbits/sec
[  3] 35.0-36.0 sec  9.24 KBytes  75.7 Kbits/sec
[  3] 36.0-37.0 sec  9.19 KBytes  75.3 Kbits/sec
[  3] 37.0-38.0 sec  12.2 KBytes   100 Kbits/sec
[  3] 38.0-39.0 sec  13.2 KBytes   108 Kbits/sec
[  3] 39.0-40.0 sec  10.1 KBytes  82.9 Kbits/sec
[  3] 40.0-41.0 sec  6.18 KBytes  50.6 Kbits/sec
[  3] 41.0-42.0 sec  12.0 KBytes  98.6 Kbits/sec
[  3] 42.0-43.0 sec  10.8 KBytes  88.7 Kbits/sec
[  3] 43.0-44.0 sec  9.13 KBytes  74.8 Kbits/sec
[  3] 44.0-45.0 sec  11.6 KBytes  95.4 Kbits/sec
[  3] 45.0-46.0 sec  12.1 KBytes  99.5 Kbits/sec
[  3] 46.0-47.0 sec  16.6 KBytes   136 Kbits/sec
[  3] 47.0-48.0 sec  13.2 KBytes   108 Kbits/sec
[  3] 48.0-49.0 sec  10.8 KBytes  88.7 Kbits/sec
[  3] 49.0-50.0 sec  10.2 KBytes  83.3 Kbits/sec
[  3] 50.0-51.0 sec  10.6 KBytes  86.5 Kbits/sec
[  3] 51.0-52.0 sec  9.08 KBytes  74.4 Kbits/sec
[  3] 52.0-53.0 sec  12.9 KBytes   105 Kbits/sec
[  3] 53.0-54.0 sec  11.2 KBytes  91.4 Kbits/sec
[  3] 54.0-55.0 sec  5.41 KBytes  44.4 Kbits/sec
[  3] 55.0-56.0 sec  6.40 KBytes  52.4 Kbits/sec
[  3] 56.0-57.0 sec  7.55 KBytes  61.8 Kbits/sec
[  3] 57.0-58.0 sec  13.3 KBytes   109 Kbits/sec
[  3] 58.0-59.0 sec  18.9 KBytes   155 Kbits/sec
[  3] 59.0-60.0 sec  8.64 KBytes  70.8 Kbits/sec
[  3]  0.0-60.2 sec   630 KBytes  85.7 Kbits/sec
[  3] Sent 11520 datagrams
