------------------------------------------------------------
Client connecting to 192.168.12.4, UDP port 5001
Sending 56 byte datagrams, IPG target: 44.80 us (kalman adjust)
UDP buffer size:  160 KByte (default)
------------------------------------------------------------
[  3] local 192.168.12.3 port 58344 connected with 192.168.12.4 port 5001
[ ID] Interval       Transfer     Bandwidth
[  3]  0.0- 1.0 sec  33.6 KBytes   276 Kbits/sec
[  3]  1.0- 2.0 sec  20.7 KBytes   170 Kbits/sec
[  3]  2.0- 3.0 sec  14.2 KBytes   116 Kbits/sec
[  3]  3.0- 4.0 sec  11.2 KBytes  91.8 Kbits/sec
[  3]  4.0- 5.0 sec  10.3 KBytes  84.2 Kbits/sec
[  3]  5.0- 6.0 sec  11.7 KBytes  95.9 Kbits/sec
[  3]  6.0- 7.0 sec  11.1 KBytes  90.9 Kbits/sec
[  3]  7.0- 8.0 sec  29.5 KBytes   242 Kbits/sec
[  3]  8.0- 9.0 sec  21.7 KBytes   177 Kbits/sec
[  3]  9.0-10.0 sec  10.3 KBytes  84.2 Kbits/sec
[  3] 10.0-11.0 sec  10.2 KBytes  83.3 Kbits/sec
[  3] 11.0-12.0 sec  12.6 KBytes   103 Kbits/sec
[  3] 12.0-13.0 sec  12.1 KBytes  99.5 Kbits/sec
[  3] 13.0-14.0 sec  4.32 KBytes  35.4 Kbits/sec
[  3] 14.0-15.0 sec  11.3 KBytes  92.3 Kbits/sec
[  3] 15.0-16.0 sec  4.98 KBytes  40.8 Kbits/sec
[  3] 16.0-17.0 sec  9.08 KBytes  74.4 Kbits/sec
[  3] 17.0-18.0 sec  6.34 KBytes  52.0 Kbits/sec
[  3] 18.0-19.0 sec  19.8 KBytes   162 Kbits/sec
[  3] 19.0-20.0 sec  2.13 KBytes  17.5 Kbits/sec
[  3] 20.0-21.0 sec  2.95 KBytes  24.2 Kbits/sec
[  3] 21.0-22.0 sec  5.47 KBytes  44.8 Kbits/sec
[  3] 22.0-23.0 sec  16.4 KBytes   134 Kbits/sec
[  3] 23.0-24.0 sec  11.8 KBytes  96.8 Kbits/sec
[  3] 24.0-25.0 sec  9.84 KBytes  80.6 Kbits/sec
[  3] 25.0-26.0 sec  5.09 KBytes  41.7 Kbits/sec
[  3] 26.0-27.0 sec  4.05 KBytes  33.2 Kbits/sec
[  3] 27.0-28.0 sec  3.23 KBytes  26.4 Kbits/sec
[  3] 28.0-29.0 sec  19.5 KBytes   159 Kbits/sec
[  3] 29.0-30.0 sec  8.70 KBytes  71.2 Kbits/sec
[  3] 30.0-31.0 sec  5.74 KBytes  47.0 Kbits/sec
[  3] 31.0-32.0 sec  6.67 KBytes  54.7 Kbits/sec
[  3] 32.0-33.0 sec  2.57 KBytes  21.1 Kbits/sec
[  3] 33.0-34.0 sec  3.72 KBytes  30.5 Kbits/sec
[  3] 34.0-35.0 sec  12.7 KBytes   104 Kbits/sec
[  3] 35.0-36.0 sec  4.05 KBytes  33.2 Kbits/sec
[  3] 36.0-37.0 sec  4.10 KBytes  33.6 Kbits/sec
[  3] 37.0-38.0 sec  10.0 KBytes  82.0 Kbits/sec
[  3] 38.0-39.0 sec  11.9 KBytes  97.2 Kbits/sec
[  3] 39.0-40.0 sec  4.10 KBytes  33.6 Kbits/sec
[  3] 40.0-41.0 sec  7.16 KBytes  58.7 Kbits/sec
[  3] 41.0-42.0 sec  5.09 KBytes  41.7 Kbits/sec
[  3] 42.0-43.0 sec  8.20 KBytes  67.2 Kbits/sec
[  3] 43.0-44.0 sec  8.20 KBytes  67.2 Kbits/sec
[  3] 44.0-45.0 sec  11.5 KBytes  94.1 Kbits/sec
[  3] 45.0-46.0 sec  24.6 KBytes   201 Kbits/sec
[  3] 46.0-47.0 sec  20.6 KBytes   169 Kbits/sec
[  3] 47.0-48.0 sec  15.6 KBytes   128 Kbits/sec
[  3] 48.0-49.0 sec  8.70 KBytes  71.2 Kbits/sec
[  3] 49.0-50.0 sec  9.84 KBytes  80.6 Kbits/sec
[  3] 50.0-51.0 sec  7.16 KBytes  58.7 Kbits/sec
[  3] 51.0-52.0 sec  7.33 KBytes  60.0 Kbits/sec
[  3] 52.0-53.0 sec  9.13 KBytes  74.8 Kbits/sec
[  3] 53.0-54.0 sec  9.79 KBytes  80.2 Kbits/sec
[  3] 54.0-55.0 sec  7.05 KBytes  57.8 Kbits/sec
[  3] 55.0-56.0 sec  2.02 KBytes  16.6 Kbits/sec
[  3] 56.0-57.0 sec  1.70 KBytes  13.9 Kbits/sec
[  3] 57.0-58.0 sec  1.86 KBytes  15.2 Kbits/sec
[  3] 58.0-59.0 sec  1.53 KBytes  12.5 Kbits/sec
[  3] 59.0-60.0 sec  3.17 KBytes  26.0 Kbits/sec
[  3]  0.0-60.0 sec   590 KBytes  80.5 Kbits/sec
[  3] Sent 10787 datagrams
