------------------------------------------------------------
Client connecting to 192.168.12.4, UDP port 5001
Sending 56 byte datagrams, IPG target: 44.80 us (kalman adjust)
UDP buffer size:  160 KByte (default)
------------------------------------------------------------
[  3] local 192.168.12.3 port 59904 connected with 192.168.12.4 port 5001
[ ID] Interval       Transfer     Bandwidth
[  3]  0.0- 1.0 sec  16.2 KBytes   133 Kbits/sec
[  3]  1.0- 2.0 sec  7.98 KBytes  65.4 Kbits/sec
[  3]  2.0- 3.0 sec  2.62 KBytes  21.5 Kbits/sec
[  3]  3.0- 4.0 sec  3.39 KBytes  27.8 Kbits/sec
[  3]  4.0- 5.0 sec  6.07 KBytes  49.7 Kbits/sec
[  3]  5.0- 6.0 sec  5.74 KBytes  47.0 Kbits/sec
[  3]  6.0- 7.0 sec  5.85 KBytes  47.9 Kbits/sec
[  3]  7.0- 8.0 sec  3.17 KBytes  26.0 Kbits/sec
[  3]  8.0- 9.0 sec  6.07 KBytes  49.7 Kbits/sec
[  3]  9.0-10.0 sec  3.72 KBytes  30.5 Kbits/sec
[  3] 10.0-11.0 sec  2.95 KBytes  24.2 Kbits/sec
[  3] 11.0-12.0 sec  3.99 KBytes  32.7 Kbits/sec
[  3] 12.0-13.0 sec  8.64 KBytes  70.8 Kbits/sec
[  3] 13.0-14.0 sec  18.4 KBytes   151 Kbits/sec
[  3] 14.0-15.0 sec  4.48 KBytes  36.7 Kbits/sec
[  3] 15.0-16.0 sec  16.7 KBytes   137 Kbits/sec
[  3] 16.0-17.0 sec  3.45 KBytes  28.2 Kbits/sec
[  3] 17.0-18.0 sec  4.87 KBytes  39.9 Kbits/sec
[  3] 18.0-19.0 sec  13.1 KBytes   107 Kbits/sec
[  3] 19.0-20.0 sec  8.31 KBytes  68.1 Kbits/sec
[  3] 20.0-21.0 sec  17.1 KBytes   140 Kbits/sec
[  3] 21.0-22.0 sec  11.9 KBytes  97.7 Kbits/sec
[  3] 22.0-23.0 sec  3.99 KBytes  32.7 Kbits/sec
[  3] 23.0-24.0 sec  5.14 KBytes  42.1 Kbits/sec
[  3] 24.0-25.0 sec  7.00 KBytes  57.3 Kbits/sec
[  3] 25.0-26.0 sec  6.45 KBytes  52.9 Kbits/sec
[  3] 26.0-27.0 sec  17.7 KBytes   145 Kbits/sec
[  3] 27.0-28.0 sec  13.0 KBytes   106 Kbits/sec
[  3] 28.0-29.0 sec  9.95 KBytes  81.5 Kbits/sec
[  3] 29.0-30.0 sec  7.33 KBytes  60.0 Kbits/sec
[  3] 30.0-31.0 sec  24.0 KBytes   197 Kbits/sec
[  3] 31.0-32.0 sec  12.6 KBytes   103 Kbits/sec
[  3] 32.0-33.0 sec  19.4 KBytes   159 Kbits/sec
[  3] 33.0-34.0 sec  17.4 KBytes   142 Kbits/sec
[  3] 34.0-35.0 sec  10.8 KBytes  88.3 Kbits/sec
[  3] 35.0-36.0 sec  12.4 KBytes   101 Kbits/sec
[  3] 36.0-37.0 sec  3.50 KBytes  28.7 Kbits/sec
[  3] 37.0-38.0 sec  3.94 KBytes  32.3 Kbits/sec
[  3] 38.0-39.0 sec  7.98 KBytes  65.4 Kbits/sec
[  3] 39.0-40.0 sec  7.66 KBytes  62.7 Kbits/sec
[  3] 40.0-41.0 sec  11.4 KBytes  93.2 Kbits/sec
[  3] 41.0-42.0 sec  10.7 KBytes  87.8 Kbits/sec
[  3] 42.0-43.0 sec  18.3 KBytes   150 Kbits/sec
[  3] 43.0-44.0 sec  10.1 KBytes  82.4 Kbits/sec
[  3] 44.0-45.0 sec  6.12 KBytes  50.2 Kbits/sec
[  3] 45.0-46.0 sec  8.48 KBytes  69.4 Kbits/sec
[  3] 46.0-47.0 sec  13.8 KBytes   113 Kbits/sec
[  3] 47.0-48.0 sec  14.5 KBytes   119 Kbits/sec
[  3] 48.0-49.0 sec  16.8 KBytes   138 Kbits/sec
[  3] 49.0-50.0 sec  9.68 KBytes  79.3 Kbits/sec
[  3] 50.0-51.0 sec  13.2 KBytes   108 Kbits/sec
[  3] 51.0-52.0 sec  5.69 KBytes  46.6 Kbits/sec
[  3] 52.0-53.0 sec  13.5 KBytes   110 Kbits/sec
[  3] 53.0-54.0 sec  7.98 KBytes  65.4 Kbits/sec
[  3] 54.0-55.0 sec  13.3 KBytes   109 Kbits/sec
[  3] 55.0-56.0 sec  5.91 KBytes  48.4 Kbits/sec
[  3] 56.0-57.0 sec  4.76 KBytes  39.0 Kbits/sec
[  3] 57.0-58.0 sec  5.91 KBytes  48.4 Kbits/sec
[  3] 58.0-59.0 sec  8.64 KBytes  70.8 Kbits/sec
[  3] 59.0-60.0 sec  7.71 KBytes  63.2 Kbits/sec
[  3]  0.0-60.1 sec   571 KBytes  77.9 Kbits/sec
[  3] Sent 10447 datagrams
