------------------------------------------------------------
Client connecting to 192.168.12.4, UDP port 5001
Sending 56 byte datagrams, IPG target: 89.60 us (kalman adjust)
UDP buffer size:  160 KByte (default)
------------------------------------------------------------
[  3] local 192.168.12.3 port 53323 connected with 192.168.12.4 port 5001
[ ID] Interval       Transfer     Bandwidth
[  3]  0.0- 1.0 sec  24.0 KBytes   196 Kbits/sec
[  3]  1.0- 2.0 sec  14.2 KBytes   116 Kbits/sec
[  3]  2.0- 3.0 sec  3.45 KBytes  28.2 Kbits/sec
[  3]  3.0- 4.0 sec  8.09 KBytes  66.3 Kbits/sec
[  3]  4.0- 5.0 sec  19.8 KBytes   162 Kbits/sec
[  3]  5.0- 6.0 sec  27.2 KBytes   223 Kbits/sec
[  3]  6.0- 7.0 sec  21.8 KBytes   179 Kbits/sec
[  3]  7.0- 8.0 sec  22.4 KBytes   184 Kbits/sec
[  3]  8.0- 9.0 sec  28.7 KBytes   235 Kbits/sec
[  3]  9.0-10.0 sec  20.9 KBytes   171 Kbits/sec
[  3] 10.0-11.0 sec  12.0 KBytes  98.1 Kbits/sec
[  3] 11.0-12.0 sec  8.64 KBytes  70.8 Kbits/sec
[  3] 12.0-13.0 sec  5.47 KBytes  44.8 Kbits/sec
[  3] 13.0-14.0 sec  7.00 KBytes  57.3 Kbits/sec
[  3] 14.0-15.0 sec  15.7 KBytes   129 Kbits/sec
[  3] 15.0-16.0 sec  3.94 KBytes  32.3 Kbits/sec
[  3] 16.0-17.0 sec  18.8 KBytes   154 Kbits/sec
[  3] 17.0-18.0 sec  19.1 KBytes   156 Kbits/sec
[  3] 18.0-19.0 sec  6.95 KBytes  56.9 Kbits/sec
[  3] 19.0-20.0 sec  8.26 KBytes  67.6 Kbits/sec
[  3] 20.0-21.0 sec  10.8 KBytes  88.7 Kbits/sec
[  3] 21.0-22.0 sec  9.57 KBytes  78.4 Kbits/sec
[  3] 22.0-23.0 sec  7.49 KBytes  61.4 Kbits/sec
[  3] 23.0-24.0 sec  20.2 KBytes   166 Kbits/sec
[  3] 24.0-25.0 sec  13.6 KBytes   112 Kbits/sec
[  3] 25.0-26.0 sec  13.7 KBytes   112 Kbits/sec
[  3] 26.0-27.0 sec  18.3 KBytes   150 Kbits/sec
[  3] 27.0-28.0 sec  11.8 KBytes  96.3 Kbits/sec
[  3] 28.0-29.0 sec  15.9 KBytes   130 Kbits/sec
[  3] 29.0-30.0 sec  13.0 KBytes   106 Kbits/sec
[  3] 30.0-31.0 sec  9.79 KBytes  80.2 Kbits/sec
[  3] 31.0-32.0 sec  8.86 KBytes  72.6 Kbits/sec
[  3] 32.0-33.0 sec  16.0 KBytes   131 Kbits/sec
[  3] 33.0-34.0 sec  9.68 KBytes  79.3 Kbits/sec
[  3] 34.0-35.0 sec  10.3 KBytes  84.2 Kbits/sec
[  3] 35.0-36.0 sec  12.7 KBytes   104 Kbits/sec
[  3] 36.0-37.0 sec  18.2 KBytes   149 Kbits/sec
[  3] 37.0-38.0 sec  11.8 KBytes  96.3 Kbits/sec
[  3] 38.0-39.0 sec  16.2 KBytes   133 Kbits/sec
[  3] 39.0-40.0 sec  22.8 KBytes   186 Kbits/sec
[  3] 40.0-41.0 sec  8.09 KBytes  66.3 Kbits/sec
[  3] 41.0-42.0 sec  6.84 KBytes  56.0 Kbits/sec
[  3] 42.0-43.0 sec  6.62 KBytes  54.2 Kbits/sec
[  3] 43.0-44.0 sec  10.7 KBytes  87.8 Kbits/sec
[  3] 44.0-45.0 sec  9.79 KBytes  80.2 Kbits/sec
[  3] 45.0-46.0 sec  8.42 KBytes  69.0 Kbits/sec
[  3] 46.0-47.0 sec  8.75 KBytes  71.7 Kbits/sec
[  3] 47.0-48.0 sec  10.9 KBytes  89.2 Kbits/sec
[  3] 48.0-49.0 sec  10.7 KBytes  87.8 Kbits/sec
[  3] 49.0-50.0 sec  21.0 KBytes   172 Kbits/sec
[  3] 50.0-51.0 sec  26.9 KBytes   220 Kbits/sec
[  3] 51.0-52.0 sec  9.24 KBytes  75.7 Kbits/sec
[  3] 52.0-53.0 sec  15.2 KBytes   125 Kbits/sec
[  3] 53.0-54.0 sec  11.3 KBytes  92.3 Kbits/sec
[  3] 54.0-55.0 sec  15.5 KBytes   127 Kbits/sec
[  3] 55.0-56.0 sec  18.4 KBytes   151 Kbits/sec
[  3] 56.0-57.0 sec  6.62 KBytes  54.2 Kbits/sec
[  3] 57.0-58.0 sec  8.70 KBytes  71.2 Kbits/sec
[  3] 58.0-59.0 sec  3.39 KBytes  27.8 Kbits/sec
[  3] 59.0-60.0 sec  16.4 KBytes   134 Kbits/sec
[  3]  0.0-60.4 sec   800 KBytes   109 Kbits/sec
[  3] Sent 14635 datagrams
