------------------------------------------------------------
Client connecting to 192.168.12.4, UDP port 5001
Sending 56 byte datagrams, IPG target: 89.60 us (kalman adjust)
UDP buffer size:  160 KByte (default)
------------------------------------------------------------
[  3] local 192.168.12.3 port 55660 connected with 192.168.12.4 port 5001
[ ID] Interval       Transfer     Bandwidth
[  3]  0.0- 1.0 sec  14.7 KBytes   121 Kbits/sec
[  3]  1.0- 2.0 sec  5.85 KBytes  47.9 Kbits/sec
[  3]  2.0- 3.0 sec  4.38 KBytes  35.8 Kbits/sec
[  3]  3.0- 4.0 sec  4.59 KBytes  37.6 Kbits/sec
[  3]  4.0- 5.0 sec  6.95 KBytes  56.9 Kbits/sec
[  3]  5.0- 6.0 sec  7.16 KBytes  58.7 Kbits/sec
[  3]  6.0- 7.0 sec  6.67 KBytes  54.7 Kbits/sec
[  3]  7.0- 8.0 sec  5.47 KBytes  44.8 Kbits/sec
[  3]  8.0- 9.0 sec  6.89 KBytes  56.4 Kbits/sec
[  3]  9.0-10.0 sec  5.58 KBytes  45.7 Kbits/sec
[  3] 10.0-11.0 sec  12.7 KBytes   104 Kbits/sec
[  3] 11.0-12.0 sec  11.4 KBytes  93.2 Kbits/sec
[  3] 12.0-13.0 sec  8.86 KBytes  72.6 Kbits/sec
[  3] 13.0-14.0 sec  6.62 KBytes  54.2 Kbits/sec
[  3] 14.0-15.0 sec  9.57 KBytes  78.4 Kbits/sec
[  3] 15.0-16.0 sec  8.53 KBytes  69.9 Kbits/sec
[  3] 16.0-17.0 sec  10.4 KBytes  85.6 Kbits/sec
[  3] 17.0-18.0 sec  13.1 KBytes   107 Kbits/sec
[  3] 18.0-19.0 sec  14.2 KBytes   116 Kbits/sec
[  3] 19.0-20.0 sec  11.5 KBytes  94.5 Kbits/sec
[  3] 20.0-21.0 sec  8.86 KBytes  72.6 Kbits/sec
[  3] 21.0-22.0 sec  5.85 KBytes  47.9 Kbits/sec
[  3] 22.0-23.0 sec  7.05 KBytes  57.8 Kbits/sec
[  3] 23.0-24.0 sec  8.97 KBytes  73.5 Kbits/sec
[  3] 24.0-25.0 sec  10.1 KBytes  82.9 Kbits/sec
[  3] 25.0-26.0 sec  17.3 KBytes   142 Kbits/sec
[  3] 26.0-27.0 sec  5.69 KBytes  46.6 Kbits/sec
[  3] 27.0-28.0 sec  20.1 KBytes   165 Kbits/sec
[  3] 28.0-29.0 sec  20.4 KBytes   167 Kbits/sec
[  3] 29.0-30.0 sec  20.2 KBytes   166 Kbits/sec
[  3] 30.0-31.0 sec  8.20 KBytes  67.2 Kbits/sec
[  3] 31.0-32.0 sec  16.9 KBytes   138 Kbits/sec
[  3] 32.0-33.0 sec  15.1 KBytes   124 Kbits/sec
[  3] 33.0-34.0 sec  27.3 KBytes   224 Kbits/sec
[  3] 34.0-35.0 sec  10.4 KBytes  85.6 Kbits/sec
[  3] 35.0-36.0 sec  10.3 KBytes  84.2 Kbits/sec
[  3] 36.0-37.0 sec  17.6 KBytes   144 Kbits/sec
[  3] 37.0-38.0 sec  20.5 KBytes   168 Kbits/sec
[  3] 38.0-39.0 sec  12.8 KBytes   105 Kbits/sec
[  3] 39.0-40.0 sec  11.2 KBytes  91.8 Kbits/sec
[  3] 40.0-41.0 sec  17.1 KBytes   140 Kbits/sec
[  3] 41.0-42.0 sec  11.2 KBytes  91.4 Kbits/sec
[  3] 42.0-43.0 sec  20.7 KBytes   170 Kbits/sec
[  3] 43.0-44.0 sec  11.6 KBytes  95.0 Kbits/sec
[  3] 44.0-45.0 sec  12.8 KBytes   105 Kbits/sec
[  3] 45.0-46.0 sec  9.95 KBytes  81.5 Kbits/sec
[  3] 46.0-47.0 sec  19.6 KBytes   160 Kbits/sec
[  3] 47.0-48.0 sec  25.9 KBytes   212 Kbits/sec
[  3] 48.0-49.0 sec  7.71 KBytes  63.2 Kbits/sec
[  3] 49.0-50.0 sec  20.1 KBytes   165 Kbits/sec
[  3] 50.0-51.0 sec  12.5 KBytes   102 Kbits/sec
[  3] 51.0-52.0 sec  9.13 KBytes  74.8 Kbits/sec
[  3] 52.0-53.0 sec  1.04 KBytes  8.51 Kbits/sec
[  3] 53.0-54.0 sec  7.71 KBytes  63.2 Kbits/sec
[  3] 54.0-55.0 sec  13.7 KBytes   112 Kbits/sec
[  3] 55.0-56.0 sec  9.84 KBytes  80.6 Kbits/sec
[  3] 56.0-57.0 sec  4.05 KBytes  33.2 Kbits/sec
[  3] 57.0-58.0 sec  7.49 KBytes  61.4 Kbits/sec
[  3] 58.0-59.0 sec  15.1 KBytes   124 Kbits/sec
[  3] 59.0-60.0 sec  12.0 KBytes  98.6 Kbits/sec
[  3]  0.0-60.4 sec   700 KBytes  94.9 Kbits/sec
[  3] Sent 12791 datagrams
