------------------------------------------------------------
Client connecting to 192.168.12.4, UDP port 5001
Sending 56 byte datagrams, IPG target: 44.80 us (kalman adjust)
UDP buffer size:  160 KByte (default)
------------------------------------------------------------
[  3] local 192.168.12.3 port 47338 connected with 192.168.12.4 port 5001
[ ID] Interval       Transfer     Bandwidth
[  3]  0.0- 1.0 sec  15.2 KBytes   125 Kbits/sec
[  3]  1.0- 2.0 sec  7.27 KBytes  59.6 Kbits/sec
[  3]  2.0- 3.0 sec  8.64 KBytes  70.8 Kbits/sec
[  3]  3.0- 4.0 sec  5.14 KBytes  42.1 Kbits/sec
[  3]  4.0- 5.0 sec  2.62 KBytes  21.5 Kbits/sec
[  3]  5.0- 6.0 sec  5.25 KBytes  43.0 Kbits/sec
[  3]  6.0- 7.0 sec  2.90 KBytes  23.7 Kbits/sec
[  3]  7.0- 8.0 sec  5.20 KBytes  42.6 Kbits/sec
[  3]  8.0- 9.0 sec  2.41 KBytes  19.7 Kbits/sec
[  3]  9.0-10.0 sec  2.79 KBytes  22.8 Kbits/sec
[  3] 10.0-11.0 sec  1.80 KBytes  14.8 Kbits/sec
[  3] 11.0-12.0 sec  2.24 KBytes  18.4 Kbits/sec
[  3] 12.0-13.0 sec  2.79 KBytes  22.8 Kbits/sec
[  3] 13.0-14.0 sec  2.41 KBytes  19.7 Kbits/sec
[  3] 14.0-15.0 sec  3.77 KBytes  30.9 Kbits/sec
[  3] 15.0-16.0 sec  2.73 KBytes  22.4 Kbits/sec
[  3] 16.0-17.0 sec  3.94 KBytes  32.3 Kbits/sec
[  3] 17.0-18.0 sec  6.34 KBytes  52.0 Kbits/sec
[  3] 18.0-19.0 sec  3.28 KBytes  26.9 Kbits/sec
[  3] 19.0-20.0 sec  2.35 KBytes  19.3 Kbits/sec
[  3] 20.0-21.0 sec  3.28 KBytes  26.9 Kbits/sec
[  3] 21.0-22.0 sec  3.45 KBytes  28.2 Kbits/sec
[  3] 22.0-23.0 sec  3.17 KBytes  26.0 Kbits/sec
[  3] 23.0-24.0 sec  2.30 KBytes  18.8 Kbits/sec
[  3] 24.0-25.0 sec  1.86 KBytes  15.2 Kbits/sec
[  3] 25.0-26.0 sec  4.92 KBytes  40.3 Kbits/sec
[  3] 26.0-27.0 sec  3.66 KBytes  30.0 Kbits/sec
[  3] 27.0-28.0 sec  3.72 KBytes  30.5 Kbits/sec
[  3] 28.0-29.0 sec  10.0 KBytes  82.0 Kbits/sec
[  3] 29.0-30.0 sec  16.2 KBytes   133 Kbits/sec
[  3] 30.0-31.0 sec  8.26 KBytes  67.6 Kbits/sec
[  3] 31.0-32.0 sec  6.73 KBytes  55.1 Kbits/sec
[  3] 32.0-33.0 sec  7.82 KBytes  64.1 Kbits/sec
[  3] 33.0-34.0 sec  7.38 KBytes  60.5 Kbits/sec
[  3] 34.0-35.0 sec  6.56 KBytes  53.8 Kbits/sec
[  3] 35.0-36.0 sec  3.66 KBytes  30.0 Kbits/sec
[  3] 36.0-37.0 sec  4.48 KBytes  36.7 Kbits/sec
[  3] 37.0-38.0 sec  5.74 KBytes  47.0 Kbits/sec
[  3] 38.0-39.0 sec  6.45 KBytes  52.9 Kbits/sec
[  3] 39.0-40.0 sec  6.02 KBytes  49.3 Kbits/sec
[  3] 40.0-41.0 sec  13.6 KBytes   111 Kbits/sec
[  3] 41.0-42.0 sec  13.1 KBytes   107 Kbits/sec
[  3] 42.0-43.0 sec  15.3 KBytes   125 Kbits/sec
[  3] 43.0-44.0 sec  7.93 KBytes  65.0 Kbits/sec
[  3] 44.0-45.0 sec  2.41 KBytes  19.7 Kbits/sec
[  3] 45.0-46.0 sec  12.9 KBytes   106 Kbits/sec
[  3] 46.0-47.0 sec  11.0 KBytes  90.0 Kbits/sec
[  3] 47.0-48.0 sec  9.95 KBytes  81.5 Kbits/sec
[  3] 48.0-49.0 sec  8.15 KBytes  66.8 Kbits/sec
[  3] 49.0-50.0 sec  12.0 KBytes  98.1 Kbits/sec
[  3] 50.0-51.0 sec  17.9 KBytes   147 Kbits/sec
[  3] 51.0-52.0 sec  2.46 KBytes  20.2 Kbits/sec
[  3] 52.0-53.0 sec  8.97 KBytes  73.5 Kbits/sec
[  3] 53.0-54.0 sec  6.45 KBytes  52.9 Kbits/sec
[  3] 54.0-55.0 sec  19.5 KBytes   159 Kbits/sec
[  3] 55.0-56.0 sec  17.2 KBytes   141 Kbits/sec
[  3] 56.0-57.0 sec  11.5 KBytes  94.5 Kbits/sec
[  3] 57.0-58.0 sec  10.1 KBytes  82.4 Kbits/sec
[  3] 58.0-59.0 sec  3.72 KBytes  30.5 Kbits/sec
[  3] 59.0-60.0 sec  8.97 KBytes  73.5 Kbits/sec
[  3]  0.0-60.1 sec   418 KBytes  56.9 Kbits/sec
[  3] Sent 7638 datagrams
