------------------------------------------------------------
Client connecting to 192.168.12.4, UDP port 5001
Sending 56 byte datagrams, IPG target: 44.80 us (kalman adjust)
UDP buffer size:  160 KByte (default)
------------------------------------------------------------
[  3] local 192.168.12.3 port 38767 connected with 192.168.12.4 port 5001
[ ID] Interval       Transfer     Bandwidth
[  3]  0.0- 1.0 sec  15.3 KBytes   125 Kbits/sec
[  3]  1.0- 2.0 sec  5.36 KBytes  43.9 Kbits/sec
[  3]  2.0- 3.0 sec  5.58 KBytes  45.7 Kbits/sec
[  3]  3.0- 4.0 sec  15.8 KBytes   129 Kbits/sec
[  3]  4.0- 5.0 sec  8.37 KBytes  68.5 Kbits/sec
[  3]  5.0- 6.0 sec  4.27 KBytes  34.9 Kbits/sec
[  3]  6.0- 7.0 sec  3.28 KBytes  26.9 Kbits/sec
[  3]  7.0- 8.0 sec  3.45 KBytes  28.2 Kbits/sec
[  3]  8.0- 9.0 sec  6.34 KBytes  52.0 Kbits/sec
[  3]  9.0-10.0 sec  4.48 KBytes  36.7 Kbits/sec
[  3] 10.0-11.0 sec  2.73 KBytes  22.4 Kbits/sec
[  3] 11.0-12.0 sec  3.28 KBytes  26.9 Kbits/sec
[  3] 12.0-13.0 sec  2.13 KBytes  17.5 Kbits/sec
[  3] 13.0-14.0 sec  3.50 KBytes  28.7 Kbits/sec
[  3] 14.0-15.0 sec  3.12 KBytes  25.5 Kbits/sec
[  3] 15.0-16.0 sec  4.76 KBytes  39.0 Kbits/sec
[  3] 16.0-17.0 sec  5.80 KBytes  47.5 Kbits/sec
[  3] 17.0-18.0 sec  2.19 KBytes  17.9 Kbits/sec
[  3] 18.0-19.0 sec  3.77 KBytes  30.9 Kbits/sec
[  3] 19.0-20.0 sec  2.08 KBytes  17.0 Kbits/sec
[  3] 20.0-21.0 sec  9.57 KBytes  78.4 Kbits/sec
[  3] 21.0-22.0 sec  4.16 KBytes  34.0 Kbits/sec
[  3] 22.0-23.0 sec  9.46 KBytes  77.5 Kbits/sec
[  3] 23.0-24.0 sec  5.47 KBytes  44.8 Kbits/sec
[  3] 24.0-25.0 sec  4.48 KBytes  36.7 Kbits/sec
[  3] 25.0-26.0 sec  2.35 KBytes  19.3 Kbits/sec
[  3] 26.0-27.0 sec  6.29 KBytes  51.5 Kbits/sec
[  3] 27.0-28.0 sec  10.4 KBytes  85.1 Kbits/sec
[  3] 28.0-29.0 sec  8.97 KBytes  73.5 Kbits/sec
[  3] 29.0-30.0 sec  5.80 KBytes  47.5 Kbits/sec
[  3] 30.0-31.0 sec  10.6 KBytes  86.9 Kbits/sec
[  3] 31.0-32.0 sec  5.91 KBytes  48.4 Kbits/sec
[  3] 32.0-33.0 sec  2.35 KBytes  19.3 Kbits/sec
[  3] 33.0-34.0 sec  1.91 KBytes  15.7 Kbits/sec
[  3] 34.0-35.0 sec  2.19 KBytes  17.9 Kbits/sec
[  3] 35.0-36.0 sec  4.16 KBytes  34.0 Kbits/sec
[  3] 36.0-37.0 sec  3.17 KBytes  26.0 Kbits/sec
[  3] 37.0-38.0 sec  2.24 KBytes  18.4 Kbits/sec
[  3] 38.0-39.0 sec  4.16 KBytes  34.0 Kbits/sec
[  3] 39.0-40.0 sec  3.55 KBytes  29.1 Kbits/sec
[  3] 40.0-41.0 sec  2.52 KBytes  20.6 Kbits/sec
[  3] 41.0-42.0 sec  2.68 KBytes  22.0 Kbits/sec
[  3] 42.0-43.0 sec  6.89 KBytes  56.4 Kbits/sec
[  3] 43.0-44.0 sec  7.27 KBytes  59.6 Kbits/sec
[  3] 44.0-45.0 sec  12.9 KBytes   106 Kbits/sec
[  3] 45.0-46.0 sec  6.84 KBytes  56.0 Kbits/sec
[  3] 46.0-47.0 sec  3.34 KBytes  27.3 Kbits/sec
[  3] 47.0-48.0 sec  6.51 KBytes  53.3 Kbits/sec
[  3] 48.0-49.0 sec  6.56 KBytes  53.8 Kbits/sec
[  3] 49.0-50.0 sec  4.98 KBytes  40.8 Kbits/sec
[  3] 50.0-51.0 sec  4.43 KBytes  36.3 Kbits/sec
[  3] 51.0-52.0 sec  7.16 KBytes  58.7 Kbits/sec
[  3] 52.0-53.0 sec  4.65 KBytes  38.1 Kbits/sec
[  3] 53.0-54.0 sec  3.01 KBytes  24.6 Kbits/sec
[  3] 54.0-55.0 sec  4.05 KBytes  33.2 Kbits/sec
[  3] 55.0-56.0 sec  4.48 KBytes  36.7 Kbits/sec
[  3] 56.0-57.0 sec  2.79 KBytes  22.8 Kbits/sec
[  3] 57.0-58.0 sec  3.34 KBytes  27.3 Kbits/sec
[  3] 58.0-59.0 sec  3.34 KBytes  27.3 Kbits/sec
[  3] 59.0-60.0 sec  1.80 KBytes  14.8 Kbits/sec
[  3]  0.0-60.0 sec   312 KBytes  42.6 Kbits/sec
[  3] Sent 5710 datagrams
