------------------------------------------------------------
Client connecting to 192.168.12.4, TCP port 5001
TCP window size: 43.8 KByte (default)
------------------------------------------------------------
[  3] local 192.168.12.3 port 41726 connected with 192.168.12.4 port 5001
[ ID] Interval       Transfer     Bandwidth
[  3]  0.0- 1.0 sec  48.1 KBytes   394 Kbits/sec
[  3]  1.0- 2.0 sec  50.9 KBytes   417 Kbits/sec
[  3]  2.0- 3.0 sec  35.4 KBytes   290 Kbits/sec
[  3]  3.0- 4.0 sec  36.8 KBytes   301 Kbits/sec
[  3]  4.0- 5.0 sec  4.24 KBytes  34.8 Kbits/sec
[  3]  5.0- 6.0 sec  0.00 Bytes  0.00 bits/sec
[  3]  6.0- 7.0 sec  0.00 Bytes  0.00 bits/sec
[  3]  7.0- 8.0 sec  0.00 Bytes  0.00 bits/sec
[  3]  8.0- 9.0 sec  50.9 KBytes   417 Kbits/sec
[  3]  9.0-10.0 sec  41.0 KBytes   336 Kbits/sec
[  3] 10.0-11.0 sec  26.9 KBytes   220 Kbits/sec
[  3] 11.0-12.0 sec  0.00 Bytes  0.00 bits/sec
[  3] 12.0-13.0 sec  1.41 KBytes  11.6 Kbits/sec
[  3] 13.0-14.0 sec  1.41 KBytes  11.6 Kbits/sec
[  3] 14.0-15.0 sec  19.8 KBytes   162 Kbits/sec
[  3] 15.0-16.0 sec  21.2 KBytes   174 Kbits/sec
[  3] 16.0-17.0 sec  24.0 KBytes   197 Kbits/sec
[  3] 17.0-18.0 sec  17.0 KBytes   139 Kbits/sec
[  3] 18.0-19.0 sec  70.7 KBytes   579 Kbits/sec
[  3] 19.0-20.0 sec  7.07 KBytes  57.9 Kbits/sec
[  3] 20.0-21.0 sec  39.6 KBytes   324 Kbits/sec
[  3] 21.0-22.0 sec  38.2 KBytes   313 Kbits/sec
[  3] 22.0-23.0 sec  15.6 KBytes   127 Kbits/sec
[  3] 23.0-24.0 sec  9.90 KBytes  81.1 Kbits/sec
[  3] 24.0-25.0 sec  17.0 KBytes   139 Kbits/sec
[  3] 25.0-26.0 sec  1.41 KBytes  11.6 Kbits/sec
[  3] 26.0-27.0 sec  9.90 KBytes  81.1 Kbits/sec
[  3] 27.0-28.0 sec  42.4 KBytes   348 Kbits/sec
[  3] 28.0-29.0 sec  7.07 KBytes  57.9 Kbits/sec
[  3] 29.0-30.0 sec  1.41 KBytes  11.6 Kbits/sec
[  3] 30.0-31.0 sec  1.41 KBytes  11.6 Kbits/sec
[  3] 31.0-32.0 sec  17.0 KBytes   139 Kbits/sec
[  3] 32.0-33.0 sec  22.6 KBytes   185 Kbits/sec
[  3] 33.0-34.0 sec  46.7 KBytes   382 Kbits/sec
[  3] 34.0-35.0 sec  28.3 KBytes   232 Kbits/sec
[  3] 35.0-36.0 sec  1.41 KBytes  11.6 Kbits/sec
[  3] 36.0-37.0 sec  53.7 KBytes   440 Kbits/sec
[  3] 37.0-38.0 sec  22.6 KBytes   185 Kbits/sec
[  3] 38.0-39.0 sec  24.0 KBytes   197 Kbits/sec
[  3] 39.0-40.0 sec  0.00 Bytes  0.00 bits/sec
[  3] 40.0-41.0 sec  1.41 KBytes  11.6 Kbits/sec
[  3] 41.0-42.0 sec  0.00 Bytes  0.00 bits/sec
[  3] 42.0-43.0 sec  0.00 Bytes  0.00 bits/sec
[  3] 43.0-44.0 sec  0.00 Bytes  0.00 bits/sec
[  3] 44.0-45.0 sec  11.3 KBytes  92.7 Kbits/sec
[  3] 45.0-46.0 sec  9.90 KBytes  81.1 Kbits/sec
[  3] 46.0-47.0 sec  0.00 Bytes  0.00 bits/sec
[  3] 47.0-48.0 sec  0.00 Bytes  0.00 bits/sec
[  3] 48.0-49.0 sec  0.00 Bytes  0.00 bits/sec
[  3] 49.0-50.0 sec  0.00 Bytes  0.00 bits/sec
[  3] 50.0-51.0 sec  0.00 Bytes  0.00 bits/sec
[  3] 51.0-52.0 sec  0.00 Bytes  0.00 bits/sec
[  3] 52.0-53.0 sec  0.00 Bytes  0.00 bits/sec
[  3] 53.0-54.0 sec  12.7 KBytes   104 Kbits/sec
[  3] 54.0-55.0 sec  5.66 KBytes  46.3 Kbits/sec
[  3] 55.0-56.0 sec  0.00 Bytes  0.00 bits/sec
[  3] 56.0-57.0 sec  60.8 KBytes   498 Kbits/sec
[  3] 57.0-58.0 sec  33.9 KBytes   278 Kbits/sec
[  3] 58.0-59.0 sec  39.6 KBytes   324 Kbits/sec
[  3] 59.0-60.0 sec  7.07 KBytes  57.9 Kbits/sec
[  3]  0.0-60.1 sec  1.01 MBytes   142 Kbits/sec
