------------------------------------------------------------
Client connecting to 192.168.12.4, UDP port 5001
Sending 56 byte datagrams, IPG target: 112.00 us (kalman adjust)
UDP buffer size:  160 KByte (default)
------------------------------------------------------------
[  3] local 192.168.12.3 port 55289 connected with 192.168.12.4 port 5001
[ ID] Interval       Transfer     Bandwidth
[  3]  0.0- 1.0 sec  25.4 KBytes   208 Kbits/sec
[  3]  1.0- 2.0 sec  8.75 KBytes  71.7 Kbits/sec
[  3]  2.0- 3.0 sec  20.0 KBytes   164 Kbits/sec
[  3]  3.0- 4.0 sec  20.1 KBytes   165 Kbits/sec
[  3]  4.0- 5.0 sec  15.4 KBytes   126 Kbits/sec
[  3]  5.0- 6.0 sec  13.6 KBytes   112 Kbits/sec
[  3]  6.0- 7.0 sec  5.03 KBytes  41.2 Kbits/sec
[  3]  7.0- 8.0 sec  10.1 KBytes  82.4 Kbits/sec
[  3]  8.0- 9.0 sec  9.95 KBytes  81.5 Kbits/sec
[  3]  9.0-10.0 sec  18.9 KBytes   155 Kbits/sec
[  3] 10.0-11.0 sec  12.5 KBytes   103 Kbits/sec
[  3] 11.0-12.0 sec  20.8 KBytes   170 Kbits/sec
[  3] 12.0-13.0 sec  25.9 KBytes   212 Kbits/sec
[  3] 13.0-14.0 sec  26.8 KBytes   220 Kbits/sec
[  3] 14.0-15.0 sec  9.84 KBytes  80.6 Kbits/sec
[  3] 15.0-16.0 sec  13.4 KBytes   110 Kbits/sec
[  3] 16.0-17.0 sec  24.9 KBytes   204 Kbits/sec
[  3] 17.0-18.0 sec  15.3 KBytes   125 Kbits/sec
[  3] 18.0-19.0 sec  23.3 KBytes   191 Kbits/sec
[  3] 19.0-20.0 sec  24.6 KBytes   202 Kbits/sec
[  3] 20.0-21.0 sec  26.5 KBytes   217 Kbits/sec
[  3] 21.0-22.0 sec  15.3 KBytes   125 Kbits/sec
[  3] 22.0-23.0 sec  13.4 KBytes   110 Kbits/sec
[  3] 23.0-24.0 sec  28.3 KBytes   232 Kbits/sec
[  3] 24.0-25.0 sec  26.5 KBytes   217 Kbits/sec
[  3] 25.0-26.0 sec  21.1 KBytes   173 Kbits/sec
[  3] 26.0-27.0 sec  20.4 KBytes   167 Kbits/sec
[  3] 27.0-28.0 sec  20.6 KBytes   169 Kbits/sec
[  3] 28.0-29.0 sec  20.9 KBytes   172 Kbits/sec
[  3] 29.0-30.0 sec  20.3 KBytes   166 Kbits/sec
[  3] 30.0-31.0 sec  26.9 KBytes   220 Kbits/sec
[  3] 31.0-32.0 sec  20.6 KBytes   168 Kbits/sec
[  3] 32.0-33.0 sec  26.6 KBytes   218 Kbits/sec
[  3] 33.0-34.0 sec  13.3 KBytes   109 Kbits/sec
[  3] 34.0-35.0 sec  8.09 KBytes  66.3 Kbits/sec
[  3] 35.0-36.0 sec  18.6 KBytes   152 Kbits/sec
[  3] 36.0-37.0 sec  8.04 KBytes  65.9 Kbits/sec
[  3] 37.0-38.0 sec  12.4 KBytes   102 Kbits/sec
[  3] 38.0-39.0 sec  9.73 KBytes  79.7 Kbits/sec
[  3] 39.0-40.0 sec  11.4 KBytes  93.2 Kbits/sec
[  3] 40.0-41.0 sec  22.1 KBytes   181 Kbits/sec
[  3] 41.0-42.0 sec  9.84 KBytes  80.6 Kbits/sec
[  3] 42.0-43.0 sec  12.0 KBytes  98.6 Kbits/sec
[  3] 43.0-44.0 sec  27.8 KBytes   228 Kbits/sec
[  3] 44.0-45.0 sec  16.6 KBytes   136 Kbits/sec
[  3] 45.0-46.0 sec  26.7 KBytes   219 Kbits/sec
[  3] 46.0-47.0 sec  20.2 KBytes   165 Kbits/sec
[  3] 47.0-48.0 sec  26.6 KBytes   218 Kbits/sec
[  3] 48.0-49.0 sec  20.6 KBytes   168 Kbits/sec
[  3] 49.0-50.0 sec  26.4 KBytes   216 Kbits/sec
[  3] 50.0-51.0 sec  20.8 KBytes   171 Kbits/sec
[  3] 51.0-52.0 sec  27.6 KBytes   226 Kbits/sec
[  3] 52.0-53.0 sec  33.5 KBytes   274 Kbits/sec
[  3] 53.0-54.0 sec  20.1 KBytes   165 Kbits/sec
[  3] 54.0-55.0 sec  20.6 KBytes   169 Kbits/sec
[  3] 55.0-56.0 sec  20.0 KBytes   164 Kbits/sec
[  3] 56.0-57.0 sec  22.3 KBytes   182 Kbits/sec
[  3] 57.0-58.0 sec  25.0 KBytes   205 Kbits/sec
[  3] 58.0-59.0 sec  17.5 KBytes   143 Kbits/sec
[  3] 59.0-60.0 sec  13.3 KBytes   109 Kbits/sec
[  3]  0.0-60.0 sec  1.12 MBytes   156 Kbits/sec
[  3] Sent 20897 datagrams
