------------------------------------------------------------
Client connecting to 192.168.12.4, UDP port 5001
Sending 56 byte datagrams, IPG target: 149.33 us (kalman adjust)
UDP buffer size:  160 KByte (default)
------------------------------------------------------------
[  3] local 192.168.12.3 port 34536 connected with 192.168.12.4 port 5001
[ ID] Interval       Transfer     Bandwidth
[  3]  0.0- 1.0 sec  34.1 KBytes   280 Kbits/sec
[  3]  1.0- 2.0 sec  9.79 KBytes  80.2 Kbits/sec
[  3]  2.0- 3.0 sec  28.1 KBytes   230 Kbits/sec
[  3]  3.0- 4.0 sec  20.3 KBytes   167 Kbits/sec
[  3]  4.0- 5.0 sec  26.5 KBytes   217 Kbits/sec
[  3]  5.0- 6.0 sec  9.52 KBytes  78.0 Kbits/sec
[  3]  6.0- 7.0 sec  20.3 KBytes   166 Kbits/sec
[  3]  7.0- 8.0 sec  13.9 KBytes   114 Kbits/sec
[  3]  8.0- 9.0 sec  19.9 KBytes   163 Kbits/sec
[  3]  9.0-10.0 sec  11.3 KBytes  92.7 Kbits/sec
[  3] 10.0-11.0 sec  15.1 KBytes   124 Kbits/sec
[  3] 11.0-12.0 sec  13.3 KBytes   109 Kbits/sec
[  3] 12.0-13.0 sec  11.9 KBytes  97.2 Kbits/sec
[  3] 13.0-14.0 sec  11.7 KBytes  95.9 Kbits/sec
[  3] 14.0-15.0 sec  9.46 KBytes  77.5 Kbits/sec
[  3] 15.0-16.0 sec  11.3 KBytes  92.7 Kbits/sec
[  3] 16.0-17.0 sec  5.69 KBytes  46.6 Kbits/sec
[  3] 17.0-18.0 sec  20.6 KBytes   168 Kbits/sec
[  3] 18.0-19.0 sec  11.6 KBytes  95.4 Kbits/sec
[  3] 19.0-20.0 sec  13.7 KBytes   112 Kbits/sec
[  3] 20.0-21.0 sec  8.48 KBytes  69.4 Kbits/sec
[  3] 21.0-22.0 sec  17.0 KBytes   139 Kbits/sec
[  3] 22.0-23.0 sec  14.0 KBytes   115 Kbits/sec
[  3] 23.0-24.0 sec  33.3 KBytes   273 Kbits/sec
[  3] 24.0-25.0 sec  20.3 KBytes   166 Kbits/sec
[  3] 25.0-26.0 sec  21.0 KBytes   172 Kbits/sec
[  3] 26.0-27.0 sec  26.5 KBytes   217 Kbits/sec
[  3] 27.0-28.0 sec  20.0 KBytes   164 Kbits/sec
[  3] 28.0-29.0 sec  26.4 KBytes   216 Kbits/sec
[  3] 29.0-30.0 sec  20.0 KBytes   164 Kbits/sec
[  3] 30.0-31.0 sec  19.5 KBytes   159 Kbits/sec
[  3] 31.0-32.0 sec  21.0 KBytes   172 Kbits/sec
[  3] 32.0-33.0 sec  26.6 KBytes   218 Kbits/sec
[  3] 33.0-34.0 sec  20.7 KBytes   169 Kbits/sec
[  3] 34.0-35.0 sec  20.3 KBytes   166 Kbits/sec
[  3] 35.0-36.0 sec  20.0 KBytes   164 Kbits/sec
[  3] 36.0-37.0 sec  20.0 KBytes   164 Kbits/sec
[  3] 37.0-38.0 sec  20.1 KBytes   164 Kbits/sec
[  3] 38.0-39.0 sec  13.7 KBytes   112 Kbits/sec
[  3] 39.0-40.0 sec  27.3 KBytes   224 Kbits/sec
[  3] 40.0-41.0 sec  13.8 KBytes   113 Kbits/sec
[  3] 41.0-42.0 sec  16.8 KBytes   138 Kbits/sec
[  3] 42.0-43.0 sec  14.0 KBytes   115 Kbits/sec
[  3] 43.0-44.0 sec  11.5 KBytes  94.5 Kbits/sec
[  3] 44.0-45.0 sec  13.9 KBytes   114 Kbits/sec
[  3] 45.0-46.0 sec  22.3 KBytes   182 Kbits/sec
[  3] 46.0-47.0 sec  20.0 KBytes   164 Kbits/sec
[  3] 47.0-48.0 sec  12.7 KBytes   104 Kbits/sec
[  3] 48.0-49.0 sec  11.6 KBytes  95.4 Kbits/sec
[  3] 49.0-50.0 sec  9.52 KBytes  78.0 Kbits/sec
[  3] 50.0-51.0 sec  9.24 KBytes  75.7 Kbits/sec
[  3] 51.0-52.0 sec  18.2 KBytes   149 Kbits/sec
[  3] 52.0-53.0 sec  6.07 KBytes  49.7 Kbits/sec
[  3] 53.0-54.0 sec  16.0 KBytes   131 Kbits/sec
[  3] 54.0-55.0 sec  13.9 KBytes   114 Kbits/sec
[  3] 55.0-56.0 sec  10.9 KBytes  89.2 Kbits/sec
[  3] 56.0-57.0 sec  5.25 KBytes  43.0 Kbits/sec
[  3] 57.0-58.0 sec  10.6 KBytes  86.9 Kbits/sec
[  3] 58.0-59.0 sec  10.8 KBytes  88.7 Kbits/sec
[  3] 59.0-60.0 sec  5.52 KBytes  45.2 Kbits/sec
[  3]  0.0-60.3 sec   987 KBytes   134 Kbits/sec
[  3] Sent 18048 datagrams
