------------------------------------------------------------
Client connecting to 192.168.12.4, UDP port 5001
Sending 56 byte datagrams, IPG target: 149.33 us (kalman adjust)
UDP buffer size:  160 KByte (default)
------------------------------------------------------------
[  3] local 192.168.12.3 port 55701 connected with 192.168.12.4 port 5001
[ ID] Interval       Transfer     Bandwidth
[  3]  0.0- 1.0 sec  28.2 KBytes   231 Kbits/sec
[  3]  1.0- 2.0 sec  7.55 KBytes  61.8 Kbits/sec
[  3]  2.0- 3.0 sec  13.5 KBytes   110 Kbits/sec
[  3]  3.0- 4.0 sec  10.3 KBytes  84.7 Kbits/sec
[  3]  4.0- 5.0 sec  29.1 KBytes   238 Kbits/sec
[  3]  5.0- 6.0 sec  9.73 KBytes  79.7 Kbits/sec
[  3]  6.0- 7.0 sec  4.05 KBytes  33.2 Kbits/sec
[  3]  7.0- 8.0 sec  5.36 KBytes  43.9 Kbits/sec
[  3]  8.0- 9.0 sec  20.7 KBytes   169 Kbits/sec
[  3]  9.0-10.0 sec  10.0 KBytes  82.0 Kbits/sec
[  3] 10.0-11.0 sec  13.5 KBytes   111 Kbits/sec
[  3] 11.0-12.0 sec  13.1 KBytes   107 Kbits/sec
[  3] 12.0-13.0 sec  2.62 KBytes  21.5 Kbits/sec
[  3] 13.0-14.0 sec  4.10 KBytes  33.6 Kbits/sec
[  3] 14.0-15.0 sec  3.99 KBytes  32.7 Kbits/sec
[  3] 15.0-16.0 sec  11.2 KBytes  91.8 Kbits/sec
[  3] 16.0-17.0 sec  20.4 KBytes   167 Kbits/sec
[  3] 17.0-18.0 sec  18.2 KBytes   149 Kbits/sec
[  3] 18.0-19.0 sec  11.8 KBytes  96.3 Kbits/sec
[  3] 19.0-20.0 sec  11.4 KBytes  93.6 Kbits/sec
[  3] 20.0-21.0 sec  28.5 KBytes   233 Kbits/sec
[  3] 21.0-22.0 sec  26.6 KBytes   218 Kbits/sec
[  3] 22.0-23.0 sec  20.9 KBytes   171 Kbits/sec
[  3] 23.0-24.0 sec  9.46 KBytes  77.5 Kbits/sec
[  3] 24.0-25.0 sec  7.49 KBytes  61.4 Kbits/sec
[  3] 25.0-26.0 sec  7.11 KBytes  58.2 Kbits/sec
[  3] 26.0-27.0 sec  8.09 KBytes  66.3 Kbits/sec
[  3] 27.0-28.0 sec  10.8 KBytes  88.3 Kbits/sec
[  3] 28.0-29.0 sec  9.35 KBytes  76.6 Kbits/sec
[  3] 29.0-30.0 sec  16.0 KBytes   131 Kbits/sec
[  3] 30.0-31.0 sec  13.2 KBytes   108 Kbits/sec
[  3] 31.0-32.0 sec  25.4 KBytes   208 Kbits/sec
[  3] 32.0-33.0 sec  15.8 KBytes   129 Kbits/sec
[  3] 33.0-34.0 sec  26.7 KBytes   219 Kbits/sec
[  3] 34.0-35.0 sec  31.1 KBytes   255 Kbits/sec
[  3] 35.0-36.0 sec  11.2 KBytes  91.8 Kbits/sec
[  3] 36.0-37.0 sec  4.76 KBytes  39.0 Kbits/sec
[  3] 37.0-38.0 sec  7.33 KBytes  60.0 Kbits/sec
[  3] 38.0-39.0 sec  9.52 KBytes  78.0 Kbits/sec
[  3] 39.0-40.0 sec  28.1 KBytes   230 Kbits/sec
[  3] 40.0-41.0 sec  26.1 KBytes   214 Kbits/sec
[  3] 41.0-42.0 sec  19.1 KBytes   156 Kbits/sec
[  3] 42.0-43.0 sec  15.6 KBytes   128 Kbits/sec
[  3] 43.0-44.0 sec  20.2 KBytes   165 Kbits/sec
[  3] 44.0-45.0 sec  21.5 KBytes   177 Kbits/sec
[  3] 45.0-46.0 sec  12.0 KBytes  98.6 Kbits/sec
[  3] 46.0-47.0 sec  20.3 KBytes   166 Kbits/sec
[  3] 47.0-48.0 sec  14.1 KBytes   116 Kbits/sec
[  3] 48.0-49.0 sec  20.3 KBytes   167 Kbits/sec
[  3] 49.0-50.0 sec  20.2 KBytes   166 Kbits/sec
[  3] 50.0-51.0 sec  20.3 KBytes   166 Kbits/sec
[  3] 51.0-52.0 sec  13.0 KBytes   107 Kbits/sec
[  3] 52.0-53.0 sec  19.8 KBytes   162 Kbits/sec
[  3] 53.0-54.0 sec  20.0 KBytes   164 Kbits/sec
[  3] 54.0-55.0 sec  13.1 KBytes   107 Kbits/sec
[  3] 55.0-56.0 sec  7.98 KBytes  65.4 Kbits/sec
[  3] 56.0-57.0 sec  5.74 KBytes  47.0 Kbits/sec
[  3] 57.0-58.0 sec  2.52 KBytes  20.6 Kbits/sec
[  3] 58.0-59.0 sec  1.97 KBytes  16.1 Kbits/sec
[  3] 59.0-60.0 sec  2.24 KBytes  18.4 Kbits/sec
[  3]  0.0-60.3 sec   862 KBytes   117 Kbits/sec
[  3] Sent 15765 datagrams
