------------------------------------------------------------
Client connecting to 192.168.12.4, UDP port 5001
Sending 56 byte datagrams, IPG target: 149.33 us (kalman adjust)
UDP buffer size:  160 KByte (default)
------------------------------------------------------------
[  3] local 192.168.12.3 port 38948 connected with 192.168.12.4 port 5001
[ ID] Interval       Transfer     Bandwidth
[  3]  0.0- 1.0 sec  16.0 KBytes   131 Kbits/sec
[  3]  1.0- 2.0 sec  7.33 KBytes  60.0 Kbits/sec
[  3]  2.0- 3.0 sec  8.09 KBytes  66.3 Kbits/sec
[  3]  3.0- 4.0 sec  11.2 KBytes  91.4 Kbits/sec
[  3]  4.0- 5.0 sec  34.9 KBytes   286 Kbits/sec
[  3]  5.0- 6.0 sec  13.5 KBytes   111 Kbits/sec
[  3]  6.0- 7.0 sec  12.5 KBytes   103 Kbits/sec
[  3]  7.0- 8.0 sec  3.83 KBytes  31.4 Kbits/sec
[  3]  8.0- 9.0 sec  7.38 KBytes  60.5 Kbits/sec
[  3]  9.0-10.0 sec  7.55 KBytes  61.8 Kbits/sec
[  3] 10.0-11.0 sec  2.41 KBytes  19.7 Kbits/sec
[  3] 11.0-12.0 sec  7.71 KBytes  63.2 Kbits/sec
[  3] 12.0-13.0 sec  10.4 KBytes  85.1 Kbits/sec
[  3] 13.0-14.0 sec  9.13 KBytes  74.8 Kbits/sec
[  3] 14.0-15.0 sec  5.09 KBytes  41.7 Kbits/sec
[  3] 15.0-16.0 sec  3.66 KBytes  30.0 Kbits/sec
[  3] 16.0-17.0 sec  3.01 KBytes  24.6 Kbits/sec
[  3] 17.0-18.0 sec  3.28 KBytes  26.9 Kbits/sec
[  3] 18.0-19.0 sec  3.39 KBytes  27.8 Kbits/sec
[  3] 19.0-20.0 sec  2.52 KBytes  20.6 Kbits/sec
[  3] 20.0-21.0 sec  3.99 KBytes  32.7 Kbits/sec
[  3] 21.0-22.0 sec  2.84 KBytes  23.3 Kbits/sec
[  3] 22.0-23.0 sec  3.99 KBytes  32.7 Kbits/sec
[  3] 23.0-24.0 sec  29.5 KBytes   242 Kbits/sec
[  3] 24.0-25.0 sec  17.6 KBytes   144 Kbits/sec
[  3] 25.0-26.0 sec  3.88 KBytes  31.8 Kbits/sec
[  3] 26.0-27.0 sec  19.4 KBytes   159 Kbits/sec
[  3] 27.0-28.0 sec  11.3 KBytes  92.3 Kbits/sec
[  3] 28.0-29.0 sec  11.8 KBytes  96.3 Kbits/sec
[  3] 29.0-30.0 sec  21.7 KBytes   178 Kbits/sec
[  3] 30.0-31.0 sec  8.80 KBytes  72.1 Kbits/sec
[  3] 31.0-32.0 sec  3.39 KBytes  27.8 Kbits/sec
[  3] 32.0-33.0 sec  5.36 KBytes  43.9 Kbits/sec
[  3] 33.0-34.0 sec  2.35 KBytes  19.3 Kbits/sec
[  3] 34.0-35.0 sec  3.06 KBytes  25.1 Kbits/sec
[  3] 35.0-36.0 sec  3.72 KBytes  30.5 Kbits/sec
[  3] 36.0-37.0 sec  1008 Bytes  8.06 Kbits/sec
[  3] 37.0-38.0 sec  2.68 KBytes  22.0 Kbits/sec
[  3] 38.0-39.0 sec  2.02 KBytes  16.6 Kbits/sec
[  3] 39.0-40.0 sec  4.32 KBytes  35.4 Kbits/sec
[  3] 40.0-41.0 sec  8.70 KBytes  71.2 Kbits/sec
[  3] 41.0-42.0 sec  16.5 KBytes   135 Kbits/sec
[  3] 42.0-43.0 sec  5.47 KBytes  44.8 Kbits/sec
[  3] 43.0-44.0 sec  3.23 KBytes  26.4 Kbits/sec
[  3] 44.0-45.0 sec  5.85 KBytes  47.9 Kbits/sec
[  3] 45.0-46.0 sec  4.05 KBytes  33.2 Kbits/sec
[  3] 46.0-47.0 sec  5.85 KBytes  47.9 Kbits/sec
[  3] 47.0-48.0 sec  13.7 KBytes   112 Kbits/sec
[  3] 48.0-49.0 sec  9.79 KBytes  80.2 Kbits/sec
[  3] 49.0-50.0 sec  6.95 KBytes  56.9 Kbits/sec
[  3] 50.0-51.0 sec  4.05 KBytes  33.2 Kbits/sec
[  3] 51.0-52.0 sec  3.45 KBytes  28.2 Kbits/sec
[  3] 52.0-53.0 sec  10.1 KBytes  82.4 Kbits/sec
[  3] 53.0-54.0 sec  3.99 KBytes  32.7 Kbits/sec
[  3] 54.0-55.0 sec  7.71 KBytes  63.2 Kbits/sec
[  3] 55.0-56.0 sec  9.30 KBytes  76.2 Kbits/sec
[  3] 56.0-57.0 sec  11.0 KBytes  90.0 Kbits/sec
[  3] 57.0-58.0 sec  6.29 KBytes  51.5 Kbits/sec
[  3] 58.0-59.0 sec  3.77 KBytes  30.9 Kbits/sec
[  3] 59.0-60.0 sec  8.86 KBytes  72.6 Kbits/sec
[  3]  0.0-60.1 sec   484 KBytes  66.0 Kbits/sec
[  3] Sent 8851 datagrams
