------------------------------------------------------------
Client connecting to 192.168.12.4, UDP port 5001
Sending 56 byte datagrams, IPG target: 149.33 us (kalman adjust)
UDP buffer size:  160 KByte (default)
------------------------------------------------------------
[  3] local 192.168.12.3 port 43776 connected with 192.168.12.4 port 5001
[ ID] Interval       Transfer     Bandwidth
[  3]  0.0- 1.0 sec  27.2 KBytes   223 Kbits/sec
[  3]  1.0- 2.0 sec  11.0 KBytes  90.0 Kbits/sec
[  3]  2.0- 3.0 sec  12.9 KBytes   105 Kbits/sec
[  3]  3.0- 4.0 sec  5.96 KBytes  48.8 Kbits/sec
[  3]  4.0- 5.0 sec  4.54 KBytes  37.2 Kbits/sec
[  3]  5.0- 6.0 sec  5.36 KBytes  43.9 Kbits/sec
[  3]  6.0- 7.0 sec  7.55 KBytes  61.8 Kbits/sec
[  3]  7.0- 8.0 sec  11.7 KBytes  95.9 Kbits/sec
[  3]  8.0- 9.0 sec  13.1 KBytes   108 Kbits/sec
[  3]  9.0-10.0 sec  13.6 KBytes   111 Kbits/sec
[  3] 10.0-11.0 sec  13.8 KBytes   113 Kbits/sec
[  3] 11.0-12.0 sec  19.7 KBytes   162 Kbits/sec
[  3] 12.0-13.0 sec  11.3 KBytes  92.3 Kbits/sec
[  3] 13.0-14.0 sec  11.2 KBytes  91.8 Kbits/sec
[  3] 14.0-15.0 sec  12.6 KBytes   103 Kbits/sec
[  3] 15.0-16.0 sec  20.6 KBytes   168 Kbits/sec
[  3] 16.0-17.0 sec  13.0 KBytes   106 Kbits/sec
[  3] 17.0-18.0 sec  12.9 KBytes   105 Kbits/sec
[  3] 18.0-19.0 sec  19.0 KBytes   155 Kbits/sec
[  3] 19.0-20.0 sec  11.0 KBytes  90.5 Kbits/sec
[  3] 20.0-21.0 sec  13.0 KBytes   106 Kbits/sec
[  3] 21.0-22.0 sec  12.2 KBytes   100 Kbits/sec
[  3] 22.0-23.0 sec  12.1 KBytes  99.5 Kbits/sec
[  3] 23.0-24.0 sec  20.1 KBytes   164 Kbits/sec
[  3] 24.0-25.0 sec  13.1 KBytes   107 Kbits/sec
[  3] 25.0-26.0 sec  5.41 KBytes  44.4 Kbits/sec
[  3] 26.0-27.0 sec  11.4 KBytes  93.6 Kbits/sec
[  3] 27.0-28.0 sec  19.5 KBytes   160 Kbits/sec
[  3] 28.0-29.0 sec  13.2 KBytes   108 Kbits/sec
[  3] 29.0-30.0 sec  19.7 KBytes   161 Kbits/sec
[  3] 30.0-31.0 sec  19.3 KBytes   158 Kbits/sec
[  3] 31.0-32.0 sec  27.9 KBytes   228 Kbits/sec
[  3] 32.0-33.0 sec  11.5 KBytes  94.1 Kbits/sec
[  3] 33.0-34.0 sec  35.5 KBytes   291 Kbits/sec
[  3] 34.0-35.0 sec  28.6 KBytes   234 Kbits/sec
[  3] 35.0-36.0 sec  28.1 KBytes   230 Kbits/sec
[  3] 36.0-37.0 sec  27.2 KBytes   223 Kbits/sec
[  3] 37.0-38.0 sec  8.91 KBytes  73.0 Kbits/sec
[  3] 38.0-39.0 sec  13.1 KBytes   108 Kbits/sec
[  3] 39.0-40.0 sec  20.2 KBytes   166 Kbits/sec
[  3] 40.0-41.0 sec  20.0 KBytes   164 Kbits/sec
[  3] 41.0-42.0 sec  19.9 KBytes   163 Kbits/sec
[  3] 42.0-43.0 sec  19.3 KBytes   158 Kbits/sec
[  3] 43.0-44.0 sec  10.7 KBytes  87.8 Kbits/sec
[  3] 44.0-45.0 sec  12.1 KBytes  99.5 Kbits/sec
[  3] 45.0-46.0 sec  13.3 KBytes   109 Kbits/sec
[  3] 46.0-47.0 sec  26.4 KBytes   216 Kbits/sec
[  3] 47.0-48.0 sec  27.3 KBytes   224 Kbits/sec
[  3] 48.0-49.0 sec  26.1 KBytes   214 Kbits/sec
[  3] 49.0-50.0 sec  21.6 KBytes   177 Kbits/sec
[  3] 50.0-51.0 sec  20.1 KBytes   164 Kbits/sec
[  3] 51.0-52.0 sec  20.9 KBytes   172 Kbits/sec
[  3] 52.0-53.0 sec  13.3 KBytes   109 Kbits/sec
[  3] 53.0-54.0 sec  27.3 KBytes   224 Kbits/sec
[  3] 54.0-55.0 sec  13.9 KBytes   114 Kbits/sec
[  3] 55.0-56.0 sec  19.6 KBytes   161 Kbits/sec
[  3] 56.0-57.0 sec  7.33 KBytes  60.0 Kbits/sec
[  3] 57.0-58.0 sec  20.0 KBytes   164 Kbits/sec
[  3] 58.0-59.0 sec  12.5 KBytes   103 Kbits/sec
[  3] 59.0-60.0 sec  32.5 KBytes   267 Kbits/sec
[  3]  0.0-60.2 sec  1002 KBytes   137 Kbits/sec
[  3] Sent 18330 datagrams
