------------------------------------------------------------
Client connecting to 192.168.12.4, UDP port 5001
Sending 56 byte datagrams, IPG target: 149.33 us (kalman adjust)
UDP buffer size:  160 KByte (default)
------------------------------------------------------------
[  3] local 192.168.12.3 port 49200 connected with 192.168.12.4 port 5001
[ ID] Interval       Transfer     Bandwidth
[  3]  0.0- 1.0 sec  18.0 KBytes   147 Kbits/sec
[  3]  1.0- 2.0 sec  8.15 KBytes  66.8 Kbits/sec
[  3]  2.0- 3.0 sec  4.38 KBytes  35.8 Kbits/sec
[  3]  3.0- 4.0 sec  5.58 KBytes  45.7 Kbits/sec
[  3]  4.0- 5.0 sec  4.16 KBytes  34.0 Kbits/sec
[  3]  5.0- 6.0 sec  10.9 KBytes  89.2 Kbits/sec
[  3]  6.0- 7.0 sec  8.86 KBytes  72.6 Kbits/sec
[  3]  7.0- 8.0 sec  10.3 KBytes  84.2 Kbits/sec
[  3]  8.0- 9.0 sec  12.2 KBytes  99.9 Kbits/sec
[  3]  9.0-10.0 sec  8.09 KBytes  66.3 Kbits/sec
[  3] 10.0-11.0 sec  9.19 KBytes  75.3 Kbits/sec
[  3] 11.0-12.0 sec  9.19 KBytes  75.3 Kbits/sec
[  3] 12.0-13.0 sec  6.12 KBytes  50.2 Kbits/sec
[  3] 13.0-14.0 sec  7.33 KBytes  60.0 Kbits/sec
[  3] 14.0-15.0 sec  6.56 KBytes  53.8 Kbits/sec
[  3] 15.0-16.0 sec  6.95 KBytes  56.9 Kbits/sec
[  3] 16.0-17.0 sec  8.09 KBytes  66.3 Kbits/sec
[  3] 17.0-18.0 sec  7.38 KBytes  60.5 Kbits/sec
[  3] 18.0-19.0 sec  8.64 KBytes  70.8 Kbits/sec
[  3] 19.0-20.0 sec  3.66 KBytes  30.0 Kbits/sec
[  3] 20.0-21.0 sec  9.95 KBytes  81.5 Kbits/sec
[  3] 21.0-22.0 sec  5.80 KBytes  47.5 Kbits/sec
[  3] 22.0-23.0 sec  6.73 KBytes  55.1 Kbits/sec
[  3] 23.0-24.0 sec  5.80 KBytes  47.5 Kbits/sec
[  3] 24.0-25.0 sec  3.39 KBytes  27.8 Kbits/sec
[  3] 25.0-26.0 sec  10.0 KBytes  82.0 Kbits/sec
[  3] 26.0-27.0 sec  8.91 KBytes  73.0 Kbits/sec
[  3] 27.0-28.0 sec  5.52 KBytes  45.2 Kbits/sec
[  3] 28.0-29.0 sec  5.09 KBytes  41.7 Kbits/sec
[  3] 29.0-30.0 sec  3.12 KBytes  25.5 Kbits/sec
[  3] 30.0-31.0 sec  3.55 KBytes  29.1 Kbits/sec
[  3] 31.0-32.0 sec  3.61 KBytes  29.6 Kbits/sec
[  3] 32.0-33.0 sec  3.45 KBytes  28.2 Kbits/sec
[  3] 33.0-34.0 sec  3.77 KBytes  30.9 Kbits/sec
[  3] 34.0-35.0 sec  4.21 KBytes  34.5 Kbits/sec
[  3] 35.0-36.0 sec  5.74 KBytes  47.0 Kbits/sec
[  3] 36.0-37.0 sec  14.0 KBytes   115 Kbits/sec
[  3] 37.0-38.0 sec  12.4 KBytes   101 Kbits/sec
[  3] 38.0-39.0 sec  9.52 KBytes  78.0 Kbits/sec
[  3] 39.0-40.0 sec  5.69 KBytes  46.6 Kbits/sec
[  3] 40.0-41.0 sec  11.8 KBytes  96.8 Kbits/sec
[  3] 41.0-42.0 sec  7.33 KBytes  60.0 Kbits/sec
[  3] 42.0-43.0 sec  6.07 KBytes  49.7 Kbits/sec
[  3] 43.0-44.0 sec  4.32 KBytes  35.4 Kbits/sec
[  3] 44.0-45.0 sec  9.90 KBytes  81.1 Kbits/sec
[  3] 45.0-46.0 sec  8.20 KBytes  67.2 Kbits/sec
[  3] 46.0-47.0 sec  7.33 KBytes  60.0 Kbits/sec
[  3] 47.0-48.0 sec  5.36 KBytes  43.9 Kbits/sec
[  3] 48.0-49.0 sec  2.95 KBytes  24.2 Kbits/sec
[  3] 49.0-50.0 sec  2.41 KBytes  19.7 Kbits/sec
[  3] 50.0-51.0 sec  3.28 KBytes  26.9 Kbits/sec
[  3] 51.0-52.0 sec  9.13 KBytes  74.8 Kbits/sec
[  3] 52.0-53.0 sec  5.74 KBytes  47.0 Kbits/sec
[  3] 53.0-54.0 sec  5.25 KBytes  43.0 Kbits/sec
[  3] 54.0-55.0 sec  5.25 KBytes  43.0 Kbits/sec
[  3] 55.0-56.0 sec  2.68 KBytes  22.0 Kbits/sec
[  3] 56.0-57.0 sec  3.88 KBytes  31.8 Kbits/sec
[  3] 57.0-58.0 sec  7.49 KBytes  61.4 Kbits/sec
[  3] 58.0-59.0 sec  5.63 KBytes  46.1 Kbits/sec
[  3] 59.0-60.0 sec  3.83 KBytes  31.4 Kbits/sec
[  3]  0.0-60.1 sec   412 KBytes  56.1 Kbits/sec
[  3] Sent 7529 datagrams
