------------------------------------------------------------
Client connecting to 192.168.12.4, UDP port 5001
Sending 56 byte datagrams, IPG target: 44.80 us (kalman adjust)
UDP buffer size:  160 KByte (default)
------------------------------------------------------------
[  3] local 192.168.12.3 port 56876 connected with 192.168.12.4 port 5001
[ ID] Interval       Transfer     Bandwidth
[  3]  0.0- 1.0 sec  15.5 KBytes   127 Kbits/sec
[  3]  1.0- 2.0 sec  7.60 KBytes  62.3 Kbits/sec
[  3]  2.0- 3.0 sec  8.15 KBytes  66.8 Kbits/sec
[  3]  3.0- 4.0 sec  9.52 KBytes  78.0 Kbits/sec
[  3]  4.0- 5.0 sec  16.4 KBytes   134 Kbits/sec
[  3]  5.0- 6.0 sec  12.7 KBytes   104 Kbits/sec
[  3]  6.0- 7.0 sec  19.8 KBytes   162 Kbits/sec
[  3]  7.0- 8.0 sec  13.1 KBytes   107 Kbits/sec
[  3]  8.0- 9.0 sec  16.3 KBytes   134 Kbits/sec
[  3]  9.0-10.0 sec  9.13 KBytes  74.8 Kbits/sec
[  3] 10.0-11.0 sec  7.60 KBytes  62.3 Kbits/sec
[  3] 11.0-12.0 sec  3.88 KBytes  31.8 Kbits/sec
[  3] 12.0-13.0 sec  9.02 KBytes  73.9 Kbits/sec
[  3] 13.0-14.0 sec  12.9 KBytes   105 Kbits/sec
[  3] 14.0-15.0 sec  8.26 KBytes  67.6 Kbits/sec
[  3] 15.0-16.0 sec  19.9 KBytes   163 Kbits/sec
[  3] 16.0-17.0 sec  11.9 KBytes  97.2 Kbits/sec
[  3] 17.0-18.0 sec  9.30 KBytes  76.2 Kbits/sec
[  3] 18.0-19.0 sec  8.53 KBytes  69.9 Kbits/sec
[  3] 19.0-20.0 sec  6.02 KBytes  49.3 Kbits/sec
[  3] 20.0-21.0 sec  7.98 KBytes  65.4 Kbits/sec
[  3] 21.0-22.0 sec  8.04 KBytes  65.9 Kbits/sec
[  3] 22.0-23.0 sec  7.16 KBytes  58.7 Kbits/sec
[  3] 23.0-24.0 sec  7.55 KBytes  61.8 Kbits/sec
[  3] 24.0-25.0 sec  10.7 KBytes  87.8 Kbits/sec
[  3] 25.0-26.0 sec  10.0 KBytes  82.0 Kbits/sec
[  3] 26.0-27.0 sec  10.8 KBytes  88.7 Kbits/sec
[  3] 27.0-28.0 sec  5.58 KBytes  45.7 Kbits/sec
[  3] 28.0-29.0 sec  11.4 KBytes  93.6 Kbits/sec
[  3] 29.0-30.0 sec  8.64 KBytes  70.8 Kbits/sec
[  3] 30.0-31.0 sec  5.52 KBytes  45.2 Kbits/sec
[  3] 31.0-32.0 sec  4.81 KBytes  39.4 Kbits/sec
[  3] 32.0-33.0 sec  10.6 KBytes  86.9 Kbits/sec
[  3] 33.0-34.0 sec  7.77 KBytes  63.6 Kbits/sec
[  3] 34.0-35.0 sec  5.74 KBytes  47.0 Kbits/sec
[  3] 35.0-36.0 sec  11.8 KBytes  96.3 Kbits/sec
[  3] 36.0-37.0 sec  6.84 KBytes  56.0 Kbits/sec
[  3] 37.0-38.0 sec  11.5 KBytes  94.5 Kbits/sec
[  3] 38.0-39.0 sec  9.79 KBytes  80.2 Kbits/sec
[  3] 39.0-40.0 sec  6.95 KBytes  56.9 Kbits/sec
[  3] 40.0-41.0 sec  5.74 KBytes  47.0 Kbits/sec
[  3] 41.0-42.0 sec  12.5 KBytes   102 Kbits/sec
[  3] 42.0-43.0 sec  28.1 KBytes   230 Kbits/sec
[  3] 43.0-44.0 sec  26.4 KBytes   216 Kbits/sec
[  3] 44.0-45.0 sec  12.1 KBytes  99.0 Kbits/sec
[  3] 45.0-46.0 sec  8.09 KBytes  66.3 Kbits/sec
[  3] 46.0-47.0 sec  9.62 KBytes  78.8 Kbits/sec
[  3] 47.0-48.0 sec  10.8 KBytes  88.7 Kbits/sec
[  3] 48.0-49.0 sec  19.6 KBytes   160 Kbits/sec
[  3] 49.0-50.0 sec  10.9 KBytes  89.6 Kbits/sec
[  3] 50.0-51.0 sec  8.20 KBytes  67.2 Kbits/sec
[  3] 51.0-52.0 sec  10.3 KBytes  84.7 Kbits/sec
[  3] 52.0-53.0 sec  12.4 KBytes   102 Kbits/sec
[  3] 53.0-54.0 sec  16.5 KBytes   135 Kbits/sec
[  3] 54.0-55.0 sec  9.19 KBytes  75.3 Kbits/sec
[  3] 55.0-56.0 sec  10.9 KBytes  89.2 Kbits/sec
[  3] 56.0-57.0 sec  9.24 KBytes  75.7 Kbits/sec
[  3] 57.0-58.0 sec  6.34 KBytes  52.0 Kbits/sec
[  3] 58.0-59.0 sec  3.88 KBytes  31.8 Kbits/sec
[  3] 59.0-60.0 sec  4.87 KBytes  39.9 Kbits/sec
[  3]  0.0-60.4 sec   630 KBytes  85.5 Kbits/sec
[  3] Sent 11526 datagrams
