------------------------------------------------------------
Client connecting to 192.168.12.4, UDP port 5001
Sending 56 byte datagrams, IPG target: 149.33 us (kalman adjust)
UDP buffer size:  160 KByte (default)
------------------------------------------------------------
[  3] local 192.168.12.3 port 39789 connected with 192.168.12.4 port 5001
[ ID] Interval       Transfer     Bandwidth
[  3]  0.0- 1.0 sec  20.0 KBytes   164 Kbits/sec
[  3]  1.0- 2.0 sec  4.10 KBytes  33.6 Kbits/sec
[  3]  2.0- 3.0 sec  11.3 KBytes  92.7 Kbits/sec
[  3]  3.0- 4.0 sec  11.7 KBytes  95.9 Kbits/sec
[  3]  4.0- 5.0 sec  17.7 KBytes   145 Kbits/sec
[  3]  5.0- 6.0 sec  12.0 KBytes  98.6 Kbits/sec
[  3]  6.0- 7.0 sec  12.6 KBytes   103 Kbits/sec
[  3]  7.0- 8.0 sec  8.15 KBytes  66.8 Kbits/sec
[  3]  8.0- 9.0 sec  10.7 KBytes  87.4 Kbits/sec
[  3]  9.0-10.0 sec  7.44 KBytes  60.9 Kbits/sec
[  3] 10.0-11.0 sec  4.65 KBytes  38.1 Kbits/sec
[  3] 11.0-12.0 sec  9.62 KBytes  78.8 Kbits/sec
[  3] 12.0-13.0 sec  9.35 KBytes  76.6 Kbits/sec
[  3] 13.0-14.0 sec  11.9 KBytes  97.2 Kbits/sec
[  3] 14.0-15.0 sec  20.6 KBytes   169 Kbits/sec
[  3] 15.0-16.0 sec  13.5 KBytes   110 Kbits/sec
[  3] 16.0-17.0 sec  20.4 KBytes   167 Kbits/sec
[  3] 17.0-18.0 sec  12.5 KBytes   103 Kbits/sec
[  3] 18.0-19.0 sec  13.3 KBytes   109 Kbits/sec
[  3] 19.0-20.0 sec  10.8 KBytes  88.3 Kbits/sec
[  3] 20.0-21.0 sec  9.19 KBytes  75.3 Kbits/sec
[  3] 21.0-22.0 sec  12.2 KBytes  99.9 Kbits/sec
[  3] 22.0-23.0 sec  10.9 KBytes  89.2 Kbits/sec
[  3] 23.0-24.0 sec  9.19 KBytes  75.3 Kbits/sec
[  3] 24.0-25.0 sec  10.4 KBytes  85.1 Kbits/sec
[  3] 25.0-26.0 sec  17.9 KBytes   146 Kbits/sec
[  3] 26.0-27.0 sec  4.38 KBytes  35.8 Kbits/sec
[  3] 27.0-28.0 sec  9.24 KBytes  75.7 Kbits/sec
[  3] 28.0-29.0 sec  5.47 KBytes  44.8 Kbits/sec
[  3] 29.0-30.0 sec  5.69 KBytes  46.6 Kbits/sec
[  3] 30.0-31.0 sec  4.59 KBytes  37.6 Kbits/sec
[  3] 31.0-32.0 sec  12.1 KBytes  99.5 Kbits/sec
[  3] 32.0-33.0 sec  9.35 KBytes  76.6 Kbits/sec
[  3] 33.0-34.0 sec  9.30 KBytes  76.2 Kbits/sec
[  3] 34.0-35.0 sec  19.7 KBytes   162 Kbits/sec
[  3] 35.0-36.0 sec  15.8 KBytes   129 Kbits/sec
[  3] 36.0-37.0 sec  19.9 KBytes   163 Kbits/sec
[  3] 37.0-38.0 sec  4.21 KBytes  34.5 Kbits/sec
[  3] 38.0-39.0 sec  8.59 KBytes  70.3 Kbits/sec
[  3] 39.0-40.0 sec  9.95 KBytes  81.5 Kbits/sec
[  3] 40.0-41.0 sec  12.6 KBytes   103 Kbits/sec
[  3] 41.0-42.0 sec  10.1 KBytes  82.9 Kbits/sec
[  3] 42.0-43.0 sec  6.56 KBytes  53.8 Kbits/sec
[  3] 43.0-44.0 sec  5.41 KBytes  44.4 Kbits/sec
[  3] 44.0-45.0 sec  9.84 KBytes  80.6 Kbits/sec
[  3] 45.0-46.0 sec  13.9 KBytes   114 Kbits/sec
[  3] 46.0-47.0 sec  9.84 KBytes  80.6 Kbits/sec
[  3] 47.0-48.0 sec  9.02 KBytes  73.9 Kbits/sec
[  3] 48.0-49.0 sec  4.43 KBytes  36.3 Kbits/sec
[  3] 49.0-50.0 sec  7.11 KBytes  58.2 Kbits/sec
[  3] 50.0-51.0 sec  5.25 KBytes  43.0 Kbits/sec
[  3] 51.0-52.0 sec  4.05 KBytes  33.2 Kbits/sec
[  3] 52.0-53.0 sec  8.26 KBytes  67.6 Kbits/sec
[  3] 53.0-54.0 sec  6.07 KBytes  49.7 Kbits/sec
[  3] 54.0-55.0 sec  5.09 KBytes  41.7 Kbits/sec
[  3] 55.0-56.0 sec  9.02 KBytes  73.9 Kbits/sec
[  3] 56.0-57.0 sec  6.51 KBytes  53.3 Kbits/sec
[  3] 57.0-58.0 sec  7.00 KBytes  57.3 Kbits/sec
[  3] 58.0-59.0 sec  7.71 KBytes  63.2 Kbits/sec
[  3] 59.0-60.0 sec  9.84 KBytes  80.6 Kbits/sec
[  3]  0.0-60.2 sec   608 KBytes  82.8 Kbits/sec
[  3] Sent 11117 datagrams
